<?xml version="1.0" encoding="UTF-8"?>
<!-- Generated by org.testng.reporters.JUnitReportReporter -->
<testsuite skipped="0" hostname="LAPTOP-ROSTLMCB" name="FirstProject.TestingMaven" tests="1" failures="0" timestamp="03 May 2020 14:12:15 GMT" time="56.702" errors="0">
  <testcase name="Testing" time="56.702" classname="FirstProject.TestingMaven"/>
</testsuite> <!-- FirstProject.TestingMaven -->
